2015/11/07 21:43:55 [error] [exception.CHttpException.404] exception 'CHttpException' with message 'The system is unable to find the requested action "catagory".' in /var/www/yii/framework/web/CController.php:483
Stack trace:
#0 /var/www/yii/framework/web/CController.php(270): CController->missingAction('catagory')
#1 /var/www/yii/framework/web/CWebApplication.php(282): CController->run('catagory')
#2 /var/www/yii/framework/web/CWebApplication.php(141): CWebApplication->runController('goods/catagory')
#3 /var/www/yii/framework/base/CApplication.php(184): CWebApplication->processRequest()
#4 /var/www/yii/shop/index.php(16): CApplication->run()
#5 {main}
REQUEST_URI=/yii/shop/index.php?r=goods/catagory
---
2015/11/08 20:52:18 [error] [php] Undefined variable: goods_model (/var/www/yii/shop/protected/modules/backend/views/goods/add.php:28)
Stack trace:
#0 /var/www/yii/framework/web/CController.php(869): GoodsController->renderFile()
#1 /var/www/yii/shop/protected/modules/backend/controllers/GoodsController.php(40): GoodsController->renderPartial()
#2 /var/www/yii/framework/web/actions/CInlineAction.php(49): GoodsController->actionAdd()
#3 /var/www/yii/framework/web/CController.php(308): CInlineAction->runWithParams()
#4 /var/www/yii/framework/web/CController.php(286): GoodsController->runAction()
#5 /var/www/yii/framework/web/CController.php(265): GoodsController->runActionWithFilters()
#6 /var/www/yii/framework/web/CWebApplication.php(282): GoodsController->run()
#7 /var/www/yii/framework/web/CWebApplication.php(141): CWebApplication->runController()
#8 /var/www/yii/framework/base/CApplication.php(184): CWebApplication->processRequest()
#9 /var/www/yii/shop/index.php(16): CWebApplication->run()
REQUEST_URI=/yii/shop/index.php?r=backend/goods/add
in /var/www/yii/shop/protected/modules/backend/views/goods/add.php (28)
in /var/www/yii/shop/protected/modules/backend/controllers/GoodsController.php (40)
in /var/www/yii/shop/index.php (16)
2015/11/09 20:11:31 [error] [php] Undefined variable: id (/var/www/yii/shop/protected/modules/backend/controllers/GoodsController.php:86)
Stack trace:
#0 /var/www/yii/framework/web/CController.php(286): GoodsController->runAction()
#1 /var/www/yii/framework/web/CController.php(265): GoodsController->runActionWithFilters()
#2 /var/www/yii/framework/web/CWebApplication.php(282): GoodsController->run()
#3 /var/www/yii/framework/web/CWebApplication.php(141): CWebApplication->runController()
#4 /var/www/yii/framework/base/CApplication.php(184): CWebApplication->processRequest()
#5 /var/www/yii/shop/index.php(16): CWebApplication->run()
REQUEST_URI=/yii/shop/index.php?r=backend/goods/update&id=4
in /var/www/yii/shop/protected/modules/backend/controllers/GoodsController.php (86)
in /var/www/yii/shop/index.php (16)
2015/11/09 20:11:36 [error] [php] Undefined variable: id (/var/www/yii/shop/protected/modules/backend/controllers/GoodsController.php:86)
Stack trace:
#0 /var/www/yii/framework/web/CController.php(286): GoodsController->runAction()
#1 /var/www/yii/framework/web/CController.php(265): GoodsController->runActionWithFilters()
#2 /var/www/yii/framework/web/CWebApplication.php(282): GoodsController->run()
#3 /var/www/yii/framework/web/CWebApplication.php(141): CWebApplication->runController()
#4 /var/www/yii/framework/base/CApplication.php(184): CWebApplication->processRequest()
#5 /var/www/yii/shop/index.php(16): CWebApplication->run()
REQUEST_URI=/yii/shop/index.php?r=backend/goods/update&id=4
in /var/www/yii/shop/protected/modules/backend/controllers/GoodsController.php (86)
in /var/www/yii/shop/index.php (16)
2015/11/09 20:11:42 [error] [php] Undefined variable: id (/var/www/yii/shop/protected/modules/backend/controllers/GoodsController.php:86)
Stack trace:
#0 /var/www/yii/framework/web/CController.php(286): GoodsController->runAction()
#1 /var/www/yii/framework/web/CController.php(265): GoodsController->runActionWithFilters()
#2 /var/www/yii/framework/web/CWebApplication.php(282): GoodsController->run()
#3 /var/www/yii/framework/web/CWebApplication.php(141): CWebApplication->runController()
#4 /var/www/yii/framework/base/CApplication.php(184): CWebApplication->processRequest()
#5 /var/www/yii/shop/index.php(16): CWebApplication->run()
REQUEST_URI=/yii/shop/index.php?r=backend/goods/update&id=6
in /var/www/yii/shop/protected/modules/backend/controllers/GoodsController.php (86)
in /var/www/yii/shop/index.php (16)
2015/11/11 20:31:50 [error] [php] Undefined variable: goods_infos (/var/www/yii/shop/protected/modules/backend/views/goods/show.php:51)
Stack trace:
#0 /var/www/yii/framework/web/CController.php(869): GoodsController->renderFile()
#1 /var/www/yii/shop/protected/modules/backend/controllers/GoodsController.php(49): GoodsController->renderPartial()
#2 /var/www/yii/framework/web/actions/CInlineAction.php(49): GoodsController->actionShow1()
#3 /var/www/yii/framework/web/CController.php(308): CInlineAction->runWithParams()
#4 /var/www/yii/framework/web/CController.php(286): GoodsController->runAction()
#5 /var/www/yii/framework/web/CController.php(265): GoodsController->runActionWithFilters()
#6 /var/www/yii/framework/web/CWebApplication.php(282): GoodsController->run()
#7 /var/www/yii/framework/web/CWebApplication.php(141): CWebApplication->runController()
#8 /var/www/yii/framework/base/CApplication.php(184): CWebApplication->processRequest()
#9 /var/www/yii/shop/index.php(16): CWebApplication->run()
REQUEST_URI=/yii/shop/index.php?r=backend/goods/show1
in /var/www/yii/shop/protected/modules/backend/views/goods/show.php (51)
in /var/www/yii/shop/protected/modules/backend/controllers/GoodsController.php (49)
in /var/www/yii/shop/index.php (16)
2015/11/11 20:36:51 [error] [php] Object of class Pagination could not be converted to string (/var/www/yii/shop/protected/modules/backend/controllers/GoodsController.php:54)
Stack trace:
#0 /var/www/yii/framework/web/CController.php(286): GoodsController->runAction()
#1 /var/www/yii/framework/web/CController.php(265): GoodsController->runActionWithFilters()
#2 /var/www/yii/framework/web/CWebApplication.php(282): GoodsController->run()
#3 /var/www/yii/framework/web/CWebApplication.php(141): CWebApplication->runController()
#4 /var/www/yii/framework/base/CApplication.php(184): CWebApplication->processRequest()
#5 /var/www/yii/shop/index.php(16): CWebApplication->run()
REQUEST_URI=/yii/shop/index.php?r=backend/goods/show1
in /var/www/yii/shop/protected/modules/backend/controllers/GoodsController.php (54)
in /var/www/yii/shop/index.php (16)
2015/11/11 20:38:29 [error] [php] Object of class Pagination could not be converted to string (/var/www/yii/shop/protected/modules/backend/controllers/GoodsController.php:54)
Stack trace:
#0 /var/www/yii/framework/web/CController.php(286): GoodsController->runAction()
#1 /var/www/yii/framework/web/CController.php(265): GoodsController->runActionWithFilters()
#2 /var/www/yii/framework/web/CWebApplication.php(282): GoodsController->run()
#3 /var/www/yii/framework/web/CWebApplication.php(141): CWebApplication->runController()
#4 /var/www/yii/framework/base/CApplication.php(184): CWebApplication->processRequest()
#5 /var/www/yii/shop/index.php(16): CWebApplication->run()
REQUEST_URI=/yii/shop/index.php?r=backend/goods/show1
in /var/www/yii/shop/protected/modules/backend/controllers/GoodsController.php (54)
in /var/www/yii/shop/index.php (16)
2015/11/11 20:38:30 [error] [php] Object of class Pagination could not be converted to string (/var/www/yii/shop/protected/modules/backend/controllers/GoodsController.php:54)
Stack trace:
#0 /var/www/yii/framework/web/CController.php(286): GoodsController->runAction()
#1 /var/www/yii/framework/web/CController.php(265): GoodsController->runActionWithFilters()
#2 /var/www/yii/framework/web/CWebApplication.php(282): GoodsController->run()
#3 /var/www/yii/framework/web/CWebApplication.php(141): CWebApplication->runController()
#4 /var/www/yii/framework/base/CApplication.php(184): CWebApplication->processRequest()
#5 /var/www/yii/shop/index.php(16): CWebApplication->run()
REQUEST_URI=/yii/shop/index.php?r=backend/goods/show1
in /var/www/yii/shop/protected/modules/backend/controllers/GoodsController.php (54)
in /var/www/yii/shop/index.php (16)
2015/11/11 20:38:30 [error] [php] Object of class Pagination could not be converted to string (/var/www/yii/shop/protected/modules/backend/controllers/GoodsController.php:54)
Stack trace:
#0 /var/www/yii/framework/web/CController.php(286): GoodsController->runAction()
#1 /var/www/yii/framework/web/CController.php(265): GoodsController->runActionWithFilters()
#2 /var/www/yii/framework/web/CWebApplication.php(282): GoodsController->run()
#3 /var/www/yii/framework/web/CWebApplication.php(141): CWebApplication->runController()
#4 /var/www/yii/framework/base/CApplication.php(184): CWebApplication->processRequest()
#5 /var/www/yii/shop/index.php(16): CWebApplication->run()
REQUEST_URI=/yii/shop/index.php?r=backend/goods/show1
in /var/www/yii/shop/protected/modules/backend/controllers/GoodsController.php (54)
in /var/www/yii/shop/index.php (16)
2015/11/11 20:38:30 [error] [php] Object of class Pagination could not be converted to string (/var/www/yii/shop/protected/modules/backend/controllers/GoodsController.php:54)
Stack trace:
#0 /var/www/yii/framework/web/CController.php(286): GoodsController->runAction()
#1 /var/www/yii/framework/web/CController.php(265): GoodsController->runActionWithFilters()
#2 /var/www/yii/framework/web/CWebApplication.php(282): GoodsController->run()
#3 /var/www/yii/framework/web/CWebApplication.php(141): CWebApplication->runController()
#4 /var/www/yii/framework/base/CApplication.php(184): CWebApplication->processRequest()
#5 /var/www/yii/shop/index.php(16): CWebApplication->run()
REQUEST_URI=/yii/shop/index.php?r=backend/goods/show1
in /var/www/yii/shop/protected/modules/backend/controllers/GoodsController.php (54)
in /var/www/yii/shop/index.php (16)
2015/11/12 19:50:34 [error] [php] Object of class Pagination could not be converted to string (/var/www/yii/shop/protected/modules/backend/controllers/GoodsController.php:54)
Stack trace:
#0 /var/www/yii/framework/web/CController.php(286): GoodsController->runAction()
#1 /var/www/yii/framework/web/CController.php(265): GoodsController->runActionWithFilters()
#2 /var/www/yii/framework/web/CWebApplication.php(282): GoodsController->run()
#3 /var/www/yii/framework/web/CWebApplication.php(141): CWebApplication->runController()
#4 /var/www/yii/framework/base/CApplication.php(184): CWebApplication->processRequest()
#5 /var/www/yii/shop/index.php(16): CWebApplication->run()
REQUEST_URI=/?r=backend/goods/show1
in /var/www/yii/shop/protected/modules/backend/controllers/GoodsController.php (54)
in /var/www/yii/shop/index.php (16)
2015/11/12 20:42:30 [error] [php] Object of class Pagination could not be converted to string (/var/www/yii/shop/protected/modules/backend/controllers/GoodsController.php:54)
Stack trace:
#0 /var/www/yii/framework/web/CController.php(286): GoodsController->runAction()
#1 /var/www/yii/framework/web/CController.php(265): GoodsController->runActionWithFilters()
#2 /var/www/yii/framework/web/CWebApplication.php(282): GoodsController->run()
#3 /var/www/yii/framework/web/CWebApplication.php(141): CWebApplication->runController()
#4 /var/www/yii/framework/base/CApplication.php(184): CWebApplication->processRequest()
#5 /var/www/yii/shop/index.php(16): CWebApplication->run()
REQUEST_URI=/yii/shop/index.php?r=backend/goods/show1
in /var/www/yii/shop/protected/modules/backend/controllers/GoodsController.php (54)
in /var/www/yii/shop/index.php (16)
2015/11/12 20:46:22 [error] [php] Object of class Pagination could not be converted to string (/var/www/yii/shop/protected/modules/backend/controllers/GoodsController.php:54)
Stack trace:
#0 /var/www/yii/framework/web/CController.php(286): GoodsController->runAction()
#1 /var/www/yii/framework/web/CController.php(265): GoodsController->runActionWithFilters()
#2 /var/www/yii/framework/web/CWebApplication.php(282): GoodsController->run()
#3 /var/www/yii/framework/web/CWebApplication.php(141): CWebApplication->runController()
#4 /var/www/yii/framework/base/CApplication.php(184): CWebApplication->processRequest()
#5 /var/www/yii/shop/index.php(16): CWebApplication->run()
REQUEST_URI=/yii/shop/index.php?r=backend/goods/show1
in /var/www/yii/shop/protected/modules/backend/controllers/GoodsController.php (54)
in /var/www/yii/shop/index.php (16)
2015/11/12 20:52:30 [error] [php] Undefined variable: page_list (/var/www/yii/shop/protected/modules/backend/views/goods/show.php:74)
Stack trace:
#0 /var/www/yii/framework/web/CController.php(869): GoodsController->renderFile()
#1 /var/www/yii/shop/protected/modules/backend/controllers/GoodsController.php(32): GoodsController->renderPartial()
#2 /var/www/yii/framework/web/actions/CInlineAction.php(49): GoodsController->actionShow()
#3 /var/www/yii/framework/web/CController.php(308): CInlineAction->runWithParams()
#4 /var/www/yii/framework/web/CController.php(286): GoodsController->runAction()
#5 /var/www/yii/framework/web/CController.php(265): GoodsController->runActionWithFilters()
#6 /var/www/yii/framework/web/CWebApplication.php(282): GoodsController->run()
#7 /var/www/yii/framework/web/CWebApplication.php(141): CWebApplication->runController()
#8 /var/www/yii/framework/base/CApplication.php(184): CWebApplication->processRequest()
#9 /var/www/yii/shop/index.php(16): CWebApplication->run()
REQUEST_URI=/yii/shop/index.php?r=backend/goods/show
in /var/www/yii/shop/protected/modules/backend/views/goods/show.php (74)
in /var/www/yii/shop/protected/modules/backend/controllers/GoodsController.php (32)
in /var/www/yii/shop/index.php (16)
2015/11/16 20:25:23 [error] [exception.CException] exception 'CException' with message 'Property "User.password2" is not defined.' in /var/www/yii/framework/base/CComponent.php:173
Stack trace:
#0 /var/www/yii/framework/db/ar/CActiveRecord.php(161): CComponent->__set('password2', '')
#1 /var/www/yii/shop/protected/controllers/UserController.php(51): CActiveRecord->__set('password2', '')
#2 /var/www/yii/framework/web/actions/CInlineAction.php(49): UserController->actionRegister()
#3 /var/www/yii/framework/web/CController.php(308): CInlineAction->runWithParams(Array)
#4 /var/www/yii/framework/web/CController.php(286): CController->runAction(Object(CInlineAction))
#5 /var/www/yii/framework/web/CController.php(265): CController->runActionWithFilters(Object(CInlineAction), Array)
#6 /var/www/yii/framework/web/CWebApplication.php(282): CController->run('register')
#7 /var/www/yii/framework/web/CWebApplication.php(141): CWebApplication->runController('user/register')
#8 /var/www/yii/framework/base/CApplication.php(184): CWebApplication->processRequest()
#9 /var/www/yii/shop/index.php(16): CApplication->run()
#10 {main}
REQUEST_URI=/yii/shop/index.php?r=user/register
HTTP_REFERER=http://localhost/yii/shop/index.php?r=user/register
---
2015/11/16 20:56:19 [warning] [application] Failed to set unsafe attribute "password2" of "User".
in /var/www/yii/shop/protected/controllers/UserController.php (53)
in /var/www/yii/shop/index.php (16)
2015/11/16 20:56:19 [warning] [application] Failed to set unsafe attribute "user_sex" of "User".
in /var/www/yii/shop/protected/controllers/UserController.php (53)
in /var/www/yii/shop/index.php (16)
2015/11/16 20:56:19 [warning] [application] Failed to set unsafe attribute "user_hobby" of "User".
in /var/www/yii/shop/protected/controllers/UserController.php (53)
in /var/www/yii/shop/index.php (16)
2015/11/16 20:56:19 [warning] [application] Failed to set unsafe attribute "user_introduce" of "User".
in /var/www/yii/shop/protected/controllers/UserController.php (53)
in /var/www/yii/shop/index.php (16)
2015/11/16 20:57:01 [warning] [application] Failed to set unsafe attribute "password2" of "User".
in /var/www/yii/shop/protected/controllers/UserController.php (53)
in /var/www/yii/shop/index.php (16)
2015/11/16 20:57:01 [warning] [application] Failed to set unsafe attribute "user_sex" of "User".
in /var/www/yii/shop/protected/controllers/UserController.php (53)
in /var/www/yii/shop/index.php (16)
2015/11/16 20:57:01 [warning] [application] Failed to set unsafe attribute "user_hobby" of "User".
in /var/www/yii/shop/protected/controllers/UserController.php (53)
in /var/www/yii/shop/index.php (16)
2015/11/16 20:57:01 [warning] [application] Failed to set unsafe attribute "user_introduce" of "User".
in /var/www/yii/shop/protected/controllers/UserController.php (53)
in /var/www/yii/shop/index.php (16)
2015/11/16 20:57:45 [warning] [application] Failed to set unsafe attribute "user_sex" of "User".
in /var/www/yii/shop/protected/controllers/UserController.php (53)
in /var/www/yii/shop/index.php (16)
2015/11/16 20:57:45 [warning] [application] Failed to set unsafe attribute "user_hobby" of "User".
in /var/www/yii/shop/protected/controllers/UserController.php (53)
in /var/www/yii/shop/index.php (16)
2015/11/16 20:57:45 [warning] [application] Failed to set unsafe attribute "user_introduce" of "User".
in /var/www/yii/shop/protected/controllers/UserController.php (53)
in /var/www/yii/shop/index.php (16)
2015/11/16 20:58:10 [warning] [application] Failed to set unsafe attribute "user_sex" of "User".
in /var/www/yii/shop/protected/controllers/UserController.php (53)
in /var/www/yii/shop/index.php (16)
2015/11/16 20:58:10 [warning] [application] Failed to set unsafe attribute "user_hobby" of "User".
in /var/www/yii/shop/protected/controllers/UserController.php (53)
in /var/www/yii/shop/index.php (16)
2015/11/16 20:58:10 [warning] [application] Failed to set unsafe attribute "user_introduce" of "User".
in /var/www/yii/shop/protected/controllers/UserController.php (53)
in /var/www/yii/shop/index.php (16)
2015/11/16 20:58:10 [error] [php] preg_match(): Compilation failed: range out of order in character class at offset 10 (/var/www/yii/framework/validators/CRegularExpressionValidator.php:53)
Stack trace:
#0 /var/www/yii/framework/base/CModel.php(159): CRegularExpressionValidator->validate()
#1 /var/www/yii/framework/db/ar/CActiveRecord.php(808): User->validate()
#2 /var/www/yii/shop/protected/controllers/UserController.php(56): User->save()
#3 /var/www/yii/framework/web/actions/CInlineAction.php(49): UserController->actionRegister()
#4 /var/www/yii/framework/web/CController.php(308): CInlineAction->runWithParams()
#5 /var/www/yii/framework/web/CController.php(286): UserController->runAction()
#6 /var/www/yii/framework/web/CController.php(265): UserController->runActionWithFilters()
#7 /var/www/yii/framework/web/CWebApplication.php(282): UserController->run()
#8 /var/www/yii/framework/web/CWebApplication.php(141): CWebApplication->runController()
#9 /var/www/yii/framework/base/CApplication.php(184): CWebApplication->processRequest()
#10 /var/www/yii/shop/index.php(16): CWebApplication->run()
REQUEST_URI=/yii/shop/index.php?r=user/register
in /var/www/yii/shop/protected/controllers/UserController.php (56)
in /var/www/yii/shop/index.php (16)
2015/11/16 20:58:22 [warning] [application] Failed to set unsafe attribute "user_sex" of "User".
in /var/www/yii/shop/protected/controllers/UserController.php (53)
in /var/www/yii/shop/index.php (16)
2015/11/16 20:58:22 [warning] [application] Failed to set unsafe attribute "user_hobby" of "User".
in /var/www/yii/shop/protected/controllers/UserController.php (53)
in /var/www/yii/shop/index.php (16)
2015/11/16 20:58:22 [warning] [application] Failed to set unsafe attribute "user_introduce" of "User".
in /var/www/yii/shop/protected/controllers/UserController.php (53)
in /var/www/yii/shop/index.php (16)
2015/11/16 20:58:22 [error] [php] preg_match(): Compilation failed: range out of order in character class at offset 10 (/var/www/yii/framework/validators/CRegularExpressionValidator.php:53)
Stack trace:
#0 /var/www/yii/framework/base/CModel.php(159): CRegularExpressionValidator->validate()
#1 /var/www/yii/framework/db/ar/CActiveRecord.php(808): User->validate()
#2 /var/www/yii/shop/protected/controllers/UserController.php(56): User->save()
#3 /var/www/yii/framework/web/actions/CInlineAction.php(49): UserController->actionRegister()
#4 /var/www/yii/framework/web/CController.php(308): CInlineAction->runWithParams()
#5 /var/www/yii/framework/web/CController.php(286): UserController->runAction()
#6 /var/www/yii/framework/web/CController.php(265): UserController->runActionWithFilters()
#7 /var/www/yii/framework/web/CWebApplication.php(282): UserController->run()
#8 /var/www/yii/framework/web/CWebApplication.php(141): CWebApplication->runController()
#9 /var/www/yii/framework/base/CApplication.php(184): CWebApplication->processRequest()
#10 /var/www/yii/shop/index.php(16): CWebApplication->run()
REQUEST_URI=/yii/shop/index.php?r=user/register
in /var/www/yii/shop/protected/controllers/UserController.php (56)
in /var/www/yii/shop/index.php (16)
2015/11/16 20:58:27 [warning] [application] Failed to set unsafe attribute "user_sex" of "User".
in /var/www/yii/shop/protected/controllers/UserController.php (53)
in /var/www/yii/shop/index.php (16)
2015/11/16 20:58:27 [warning] [application] Failed to set unsafe attribute "user_hobby" of "User".
in /var/www/yii/shop/protected/controllers/UserController.php (53)
in /var/www/yii/shop/index.php (16)
2015/11/16 20:58:27 [warning] [application] Failed to set unsafe attribute "user_introduce" of "User".
in /var/www/yii/shop/protected/controllers/UserController.php (53)
in /var/www/yii/shop/index.php (16)
2015/11/16 20:58:41 [warning] [application] Failed to set unsafe attribute "user_sex" of "User".
in /var/www/yii/shop/protected/controllers/UserController.php (53)
in /var/www/yii/shop/index.php (16)
2015/11/16 20:58:41 [warning] [application] Failed to set unsafe attribute "user_hobby" of "User".
in /var/www/yii/shop/protected/controllers/UserController.php (53)
in /var/www/yii/shop/index.php (16)
2015/11/16 20:58:41 [warning] [application] Failed to set unsafe attribute "user_introduce" of "User".
in /var/www/yii/shop/protected/controllers/UserController.php (53)
in /var/www/yii/shop/index.php (16)
2015/11/16 20:58:41 [error] [php] preg_match(): Compilation failed: range out of order in character class at offset 10 (/var/www/yii/framework/validators/CRegularExpressionValidator.php:53)
Stack trace:
#0 /var/www/yii/framework/base/CModel.php(159): CRegularExpressionValidator->validate()
#1 /var/www/yii/framework/db/ar/CActiveRecord.php(808): User->validate()
#2 /var/www/yii/shop/protected/controllers/UserController.php(56): User->save()
#3 /var/www/yii/framework/web/actions/CInlineAction.php(49): UserController->actionRegister()
#4 /var/www/yii/framework/web/CController.php(308): CInlineAction->runWithParams()
#5 /var/www/yii/framework/web/CController.php(286): UserController->runAction()
#6 /var/www/yii/framework/web/CController.php(265): UserController->runActionWithFilters()
#7 /var/www/yii/framework/web/CWebApplication.php(282): UserController->run()
#8 /var/www/yii/framework/web/CWebApplication.php(141): CWebApplication->runController()
#9 /var/www/yii/framework/base/CApplication.php(184): CWebApplication->processRequest()
#10 /var/www/yii/shop/index.php(16): CWebApplication->run()
REQUEST_URI=/yii/shop/index.php?r=user/register
in /var/www/yii/shop/protected/controllers/UserController.php (56)
in /var/www/yii/shop/index.php (16)
2015/11/16 20:59:39 [warning] [application] Failed to set unsafe attribute "user_sex" of "User".
in /var/www/yii/shop/protected/controllers/UserController.php (53)
in /var/www/yii/shop/index.php (16)
2015/11/16 20:59:39 [warning] [application] Failed to set unsafe attribute "user_hobby" of "User".
in /var/www/yii/shop/protected/controllers/UserController.php (53)
in /var/www/yii/shop/index.php (16)
2015/11/16 20:59:39 [warning] [application] Failed to set unsafe attribute "user_introduce" of "User".
in /var/www/yii/shop/protected/controllers/UserController.php (53)
in /var/www/yii/shop/index.php (16)
2015/11/16 20:59:39 [error] [php] preg_match(): Compilation failed: range out of order in character class at offset 11 (/var/www/yii/framework/validators/CRegularExpressionValidator.php:53)
Stack trace:
#0 /var/www/yii/framework/base/CModel.php(159): CRegularExpressionValidator->validate()
#1 /var/www/yii/framework/db/ar/CActiveRecord.php(808): User->validate()
#2 /var/www/yii/shop/protected/controllers/UserController.php(56): User->save()
#3 /var/www/yii/framework/web/actions/CInlineAction.php(49): UserController->actionRegister()
#4 /var/www/yii/framework/web/CController.php(308): CInlineAction->runWithParams()
#5 /var/www/yii/framework/web/CController.php(286): UserController->runAction()
#6 /var/www/yii/framework/web/CController.php(265): UserController->runActionWithFilters()
#7 /var/www/yii/framework/web/CWebApplication.php(282): UserController->run()
#8 /var/www/yii/framework/web/CWebApplication.php(141): CWebApplication->runController()
#9 /var/www/yii/framework/base/CApplication.php(184): CWebApplication->processRequest()
#10 /var/www/yii/shop/index.php(16): CWebApplication->run()
REQUEST_URI=/yii/shop/index.php?r=user/register
in /var/www/yii/shop/protected/controllers/UserController.php (56)
in /var/www/yii/shop/index.php (16)
2015/11/16 20:59:47 [warning] [application] Failed to set unsafe attribute "user_sex" of "User".
in /var/www/yii/shop/protected/controllers/UserController.php (53)
in /var/www/yii/shop/index.php (16)
2015/11/16 20:59:47 [warning] [application] Failed to set unsafe attribute "user_hobby" of "User".
in /var/www/yii/shop/protected/controllers/UserController.php (53)
in /var/www/yii/shop/index.php (16)
2015/11/16 20:59:47 [warning] [application] Failed to set unsafe attribute "user_introduce" of "User".
in /var/www/yii/shop/protected/controllers/UserController.php (53)
in /var/www/yii/shop/index.php (16)
2015/11/16 21:00:31 [warning] [application] Failed to set unsafe attribute "user_sex" of "User".
in /var/www/yii/shop/protected/controllers/UserController.php (53)
in /var/www/yii/shop/index.php (16)
2015/11/16 21:00:31 [warning] [application] Failed to set unsafe attribute "user_hobby" of "User".
in /var/www/yii/shop/protected/controllers/UserController.php (53)
in /var/www/yii/shop/index.php (16)
2015/11/16 21:00:31 [warning] [application] Failed to set unsafe attribute "user_introduce" of "User".
in /var/www/yii/shop/protected/controllers/UserController.php (53)
in /var/www/yii/shop/index.php (16)
2015/11/16 21:00:35 [warning] [application] Failed to set unsafe attribute "user_sex" of "User".
in /var/www/yii/shop/protected/controllers/UserController.php (53)
in /var/www/yii/shop/index.php (16)
2015/11/16 21:00:35 [warning] [application] Failed to set unsafe attribute "user_hobby" of "User".
in /var/www/yii/shop/protected/controllers/UserController.php (53)
in /var/www/yii/shop/index.php (16)
2015/11/16 21:00:35 [warning] [application] Failed to set unsafe attribute "user_introduce" of "User".
in /var/www/yii/shop/protected/controllers/UserController.php (53)
in /var/www/yii/shop/index.php (16)
2015/11/16 21:02:05 [warning] [application] Failed to set unsafe attribute "user_sex" of "User".
in /var/www/yii/shop/protected/controllers/UserController.php (53)
in /var/www/yii/shop/index.php (16)
2015/11/16 21:02:05 [warning] [application] Failed to set unsafe attribute "user_hobby" of "User".
in /var/www/yii/shop/protected/controllers/UserController.php (53)
in /var/www/yii/shop/index.php (16)
2015/11/16 21:02:05 [warning] [application] Failed to set unsafe attribute "user_introduce" of "User".
in /var/www/yii/shop/protected/controllers/UserController.php (53)
in /var/www/yii/shop/index.php (16)
2015/11/16 21:15:24 [warning] [application] Failed to set unsafe attribute "user_sex" of "User".
in /var/www/yii/shop/protected/controllers/UserController.php (58)
in /var/www/yii/shop/index.php (16)
2015/11/16 21:15:24 [warning] [application] Failed to set unsafe attribute "user_introduce" of "User".
in /var/www/yii/shop/protected/controllers/UserController.php (58)
in /var/www/yii/shop/index.php (16)
2015/11/16 21:15:30 [warning] [application] Failed to set unsafe attribute "user_sex" of "User".
in /var/www/yii/shop/protected/controllers/UserController.php (58)
in /var/www/yii/shop/index.php (16)
2015/11/16 21:15:30 [warning] [application] Failed to set unsafe attribute "user_introduce" of "User".
in /var/www/yii/shop/protected/controllers/UserController.php (58)
in /var/www/yii/shop/index.php (16)
2015/11/16 21:15:32 [error] [php] implode(): Invalid arguments passed (/var/www/yii/shop/protected/controllers/UserController.php:53)
Stack trace:
#0 /var/www/yii/framework/web/CController.php(308): CInlineAction->runWithParams()
#1 /var/www/yii/framework/web/CController.php(286): UserController->runAction()
#2 /var/www/yii/framework/web/CController.php(265): UserController->runActionWithFilters()
#3 /var/www/yii/framework/web/CWebApplication.php(282): UserController->run()
#4 /var/www/yii/framework/web/CWebApplication.php(141): CWebApplication->runController()
#5 /var/www/yii/framework/base/CApplication.php(184): CWebApplication->processRequest()
#6 /var/www/yii/shop/index.php(16): CWebApplication->run()
REQUEST_URI=/yii/shop/index.php?r=user/register
in /var/www/yii/shop/protected/controllers/UserController.php (53)
in /var/www/yii/shop/index.php (16)
2015/11/16 21:15:37 [warning] [application] Failed to set unsafe attribute "user_sex" of "User".
in /var/www/yii/shop/protected/controllers/UserController.php (58)
in /var/www/yii/shop/index.php (16)
2015/11/16 21:15:37 [warning] [application] Failed to set unsafe attribute "user_introduce" of "User".
in /var/www/yii/shop/protected/controllers/UserController.php (58)
in /var/www/yii/shop/index.php (16)
2015/11/16 21:15:41 [warning] [application] Failed to set unsafe attribute "user_sex" of "User".
in /var/www/yii/shop/protected/controllers/UserController.php (58)
in /var/www/yii/shop/index.php (16)
2015/11/16 21:15:41 [warning] [application] Failed to set unsafe attribute "user_introduce" of "User".
in /var/www/yii/shop/protected/controllers/UserController.php (58)
in /var/www/yii/shop/index.php (16)
2015/11/16 21:17:04 [warning] [application] Failed to set unsafe attribute "user_sex" of "User".
in /var/www/yii/shop/protected/controllers/UserController.php (59)
in /var/www/yii/shop/index.php (16)
2015/11/16 21:17:04 [warning] [application] Failed to set unsafe attribute "user_introduce" of "User".
in /var/www/yii/shop/protected/controllers/UserController.php (59)
in /var/www/yii/shop/index.php (16)
2015/11/16 21:17:07 [warning] [application] Failed to set unsafe attribute "user_sex" of "User".
in /var/www/yii/shop/protected/controllers/UserController.php (59)
in /var/www/yii/shop/index.php (16)
2015/11/16 21:17:07 [warning] [application] Failed to set unsafe attribute "user_introduce" of "User".
in /var/www/yii/shop/protected/controllers/UserController.php (59)
in /var/www/yii/shop/index.php (16)
2015/11/16 21:18:49 [warning] [application] Failed to set unsafe attribute "user_sex" of "User".
in /var/www/yii/shop/protected/controllers/UserController.php (59)
in /var/www/yii/shop/index.php (16)
2015/11/16 21:18:49 [warning] [application] Failed to set unsafe attribute "user_introduce" of "User".
in /var/www/yii/shop/protected/controllers/UserController.php (59)
in /var/www/yii/shop/index.php (16)
2015/11/16 21:19:51 [warning] [application] Failed to set unsafe attribute "user_sex" of "User".
in /var/www/yii/shop/protected/controllers/UserController.php (59)
in /var/www/yii/shop/index.php (16)
2015/11/16 21:19:51 [warning] [application] Failed to set unsafe attribute "user_introduce" of "User".
in /var/www/yii/shop/protected/controllers/UserController.php (59)
in /var/www/yii/shop/index.php (16)
2015/11/17 20:16:34 [error] [php] Object of class CActiveForm could not be converted to string (/var/www/yii/shop/protected/views/user/login.php:7)
Stack trace:
#0 /var/www/yii/framework/web/CController.php(869): UserController->renderFile()
#1 /var/www/yii/framework/web/CController.php(782): UserController->renderPartial()
#2 /var/www/yii/shop/protected/controllers/UserController.php(14): UserController->render()
#3 /var/www/yii/framework/web/actions/CInlineAction.php(49): UserController->actionLogin()
#4 /var/www/yii/framework/web/CController.php(308): CInlineAction->runWithParams()
#5 /var/www/yii/framework/web/CController.php(286): UserController->runAction()
#6 /var/www/yii/framework/web/CController.php(265): UserController->runActionWithFilters()
#7 /var/www/yii/framework/web/CWebApplication.php(282): UserController->run()
#8 /var/www/yii/framework/web/CWebApplication.php(141): CWebApplication->runController()
#9 /var/www/yii/framework/base/CApplication.php(184): CWebApplication->processRequest()
#10 /var/www/yii/shop/index.php(16): CWebApplication->run()
REQUEST_URI=/yii/shop/index.php?r=user/login
in /var/www/yii/shop/protected/views/user/login.php (7)
in /var/www/yii/shop/protected/controllers/UserController.php (14)
in /var/www/yii/shop/index.php (16)
2015/11/17 21:17:35 [error] [php] include(slef.php): failed to open stream: No such file or directory (/var/www/yii/framework/YiiBase.php:432)
Stack trace:
#0 /var/www/yii/shop/protected/components/UserIdentity.php(30): spl_autoload_call()
#1 /var/www/yii/shop/protected/models/LoginForm.php(58): UserIdentity->authenticate()
#2 /var/www/yii/framework/validators/CInlineValidator.php(42): LoginForm->authenticate()
#3 /var/www/yii/framework/validators/CValidator.php(201): CInlineValidator->validateAttribute()
#4 /var/www/yii/framework/base/CModel.php(159): CInlineValidator->validate()
#5 /var/www/yii/shop/protected/controllers/UserController.php(20): LoginForm->validate()
#6 /var/www/yii/framework/web/actions/CInlineAction.php(49): UserController->actionLogin()
#7 /var/www/yii/framework/web/CController.php(308): CInlineAction->runWithParams()
#8 /var/www/yii/framework/web/CController.php(286): UserController->runAction()
#9 /var/www/yii/framework/web/CController.php(265): UserController->runActionWithFilters()
#10 /var/www/yii/framework/web/CWebApplication.php(282): UserController->run()
#11 /var/www/yii/framework/web/CWebApplication.php(141): CWebApplication->runController()
#12 /var/www/yii/framework/base/CApplication.php(184): CWebApplication->processRequest()
#13 /var/www/yii/shop/index.php(16): CWebApplication->run()
REQUEST_URI=/yii/shop/index.php?r=user/login
in /var/www/yii/shop/protected/components/UserIdentity.php (30)
in /var/www/yii/shop/protected/models/LoginForm.php (58)
in /var/www/yii/shop/protected/controllers/UserController.php (20)
2015/11/17 21:23:40 [error] [php] Undefined variable: duration (/var/www/yii/shop/protected/models/LoginForm.php:77)
Stack trace:
#0 /var/www/yii/framework/web/CController.php(308): CInlineAction->runWithParams()
#1 /var/www/yii/framework/web/CController.php(286): UserController->runAction()
#2 /var/www/yii/framework/web/CController.php(265): UserController->runActionWithFilters()
#3 /var/www/yii/framework/web/CWebApplication.php(282): UserController->run()
#4 /var/www/yii/framework/web/CWebApplication.php(141): CWebApplication->runController()
#5 /var/www/yii/framework/base/CApplication.php(184): CWebApplication->processRequest()
#6 /var/www/yii/shop/index.php(16): CWebApplication->run()
REQUEST_URI=/yii/shop/index.php?r=user/login
in /var/www/yii/shop/protected/models/LoginForm.php (77)
in /var/www/yii/shop/protected/controllers/UserController.php (21)
in /var/www/yii/shop/index.php (16)
