2015/11/25 10:33:03 [error] [exception.CHttpException.404] exception 'CHttpException' with message '系统无法找到请求的 "admin_add" 动作.' in D:\wampserver\www\yii_backend\framework\web\CController.php:444
Stack trace:
#0 D:\wampserver\www\yii_backend\framework\web\CController.php(262): CController->missingAction('admin_add')
#1 D:\wampserver\www\yii_backend\framework\web\CWebApplication.php(328): CController->run('admin_add')
#2 D:\wampserver\www\yii_backend\framework\web\CWebApplication.php(121): CWebApplication->runController('Auth/admin_add')
#3 D:\wampserver\www\yii_backend\framework\base\CApplication.php(155): CWebApplication->processRequest()
#4 D:\wampserver\www\yii_backend\index.php(13): CApplication->run()
#5 {main} REQUEST_URI=/Auth/admin_add
2015/11/25 10:33:56 [error] [exception.CHttpException.404] exception 'CHttpException' with message '系统无法找到请求的 "checkismyself" 动作.' in D:\wampserver\www\yii_backend\framework\web\CController.php:444
Stack trace:
#0 D:\wampserver\www\yii_backend\framework\web\CController.php(262): CController->missingAction('checkismyself')
#1 D:\wampserver\www\yii_backend\framework\web\CWebApplication.php(328): CController->run('checkismyself')
#2 D:\wampserver\www\yii_backend\framework\web\CWebApplication.php(121): CWebApplication->runController('auth/checkismys...')
#3 D:\wampserver\www\yii_backend\framework\base\CApplication.php(155): CWebApplication->processRequest()
#4 D:\wampserver\www\yii_backend\index.php(13): CApplication->run()
#5 {main} REQUEST_URI=/auth/checkismyself
2015/11/25 10:33:59 [error] [exception.CHttpException.404] exception 'CHttpException' with message '系统无法找到请求的 "checkismyself" 动作.' in D:\wampserver\www\yii_backend\framework\web\CController.php:444
Stack trace:
#0 D:\wampserver\www\yii_backend\framework\web\CController.php(262): CController->missingAction('checkismyself')
#1 D:\wampserver\www\yii_backend\framework\web\CWebApplication.php(328): CController->run('checkismyself')
#2 D:\wampserver\www\yii_backend\framework\web\CWebApplication.php(121): CWebApplication->runController('auth/checkismys...')
#3 D:\wampserver\www\yii_backend\framework\base\CApplication.php(155): CWebApplication->processRequest()
#4 D:\wampserver\www\yii_backend\index.php(13): CApplication->run()
#5 {main} REQUEST_URI=/auth/checkismyself
2015/11/25 10:34:04 [error] [exception.CHttpException.404] exception 'CHttpException' with message '系统无法找到请求的 "checkismyself" 动作.' in D:\wampserver\www\yii_backend\framework\web\CController.php:444
Stack trace:
#0 D:\wampserver\www\yii_backend\framework\web\CController.php(262): CController->missingAction('checkismyself')
#1 D:\wampserver\www\yii_backend\framework\web\CWebApplication.php(328): CController->run('checkismyself')
#2 D:\wampserver\www\yii_backend\framework\web\CWebApplication.php(121): CWebApplication->runController('auth/checkismys...')
#3 D:\wampserver\www\yii_backend\framework\base\CApplication.php(155): CWebApplication->processRequest()
#4 D:\wampserver\www\yii_backend\index.php(13): CApplication->run()
#5 {main} REQUEST_URI=/auth/checkismyself
2015/11/25 10:34:58 [error] [php] include(VcosGoodsOrder.php) [<a href='function.include'>function.include</a>]: failed to open stream: No such file or directory (D:\wampserver\www\yii_backend\framework\YiiBase.php:395)
Stack trace:
#0 D:\wampserver\www\yii_backend\protected\components\Controller.php(97): spl_autoload_call()
#1 D:\wampserver\www\yii_backend\framework\web\actions\CInlineAction.php(57): AuthController->actionCheckgoodsorder()
#2 D:\wampserver\www\yii_backend\framework\web\CController.php(300): CInlineAction->run()
#3 D:\wampserver\www\yii_backend\framework\web\CController.php(278): AuthController->runAction()
#4 D:\wampserver\www\yii_backend\framework\web\CController.php(257): AuthController->runActionWithFilters()
#5 D:\wampserver\www\yii_backend\framework\web\CWebApplication.php(328): AuthController->run()
#6 D:\wampserver\www\yii_backend\framework\web\CWebApplication.php(121): CWebApplication->runController()
#7 D:\wampserver\www\yii_backend\framework\base\CApplication.php(155): CWebApplication->processRequest()
#8 D:\wampserver\www\yii_backend\index.php(13): CWebApplication->run()
REQUEST_URI=/Auth/checkgoodsorder
in D:\wampserver\www\yii_backend\protected\components\Controller.php (97)
in D:\wampserver\www\yii_backend\index.php (13)
2015/11/25 10:53:15 [error] [php] include(VcosGoodsOrder.php) [<a href='function.include'>function.include</a>]: failed to open stream: No such file or directory (D:\wampserver\www\yii_backend\framework\YiiBase.php:395)
Stack trace:
#0 D:\wampserver\www\yii_backend\protected\components\Controller.php(97): spl_autoload_call()
#1 D:\wampserver\www\yii_backend\framework\web\actions\CInlineAction.php(57): AuthController->actionCheckgoodsorder()
#2 D:\wampserver\www\yii_backend\framework\web\CController.php(300): CInlineAction->run()
#3 D:\wampserver\www\yii_backend\framework\web\CController.php(278): AuthController->runAction()
#4 D:\wampserver\www\yii_backend\framework\web\CController.php(257): AuthController->runActionWithFilters()
#5 D:\wampserver\www\yii_backend\framework\web\CWebApplication.php(328): AuthController->run()
#6 D:\wampserver\www\yii_backend\framework\web\CWebApplication.php(121): CWebApplication->runController()
#7 D:\wampserver\www\yii_backend\framework\base\CApplication.php(155): CWebApplication->processRequest()
#8 D:\wampserver\www\yii_backend\index.php(13): CWebApplication->run()
REQUEST_URI=/Auth/checkgoodsorder
in D:\wampserver\www\yii_backend\protected\components\Controller.php (97)
in D:\wampserver\www\yii_backend\index.php (13)
2015/11/25 11:19:55 [error] [php] include(VcosGoodsOrder.php) [<a href='function.include'>function.include</a>]: failed to open stream: No such file or directory (D:\wampserver\www\yii_backend\framework\YiiBase.php:395)
Stack trace:
#0 D:\wampserver\www\yii_backend\protected\components\Controller.php(97): spl_autoload_call()
#1 D:\wampserver\www\yii_backend\framework\web\actions\CInlineAction.php(57): AuthController->actionCheckgoodsorder()
#2 D:\wampserver\www\yii_backend\framework\web\CController.php(300): CInlineAction->run()
#3 D:\wampserver\www\yii_backend\framework\web\CController.php(278): AuthController->runAction()
#4 D:\wampserver\www\yii_backend\framework\web\CController.php(257): AuthController->runActionWithFilters()
#5 D:\wampserver\www\yii_backend\framework\web\CWebApplication.php(328): AuthController->run()
#6 D:\wampserver\www\yii_backend\framework\web\CWebApplication.php(121): CWebApplication->runController()
#7 D:\wampserver\www\yii_backend\framework\base\CApplication.php(155): CWebApplication->processRequest()
#8 D:\wampserver\www\yii_backend\index.php(13): CWebApplication->run()
REQUEST_URI=/Auth/checkgoodsorder
in D:\wampserver\www\yii_backend\protected\components\Controller.php (97)
in D:\wampserver\www\yii_backend\index.php (13)
2015/11/25 11:21:24 [error] [php] include(VcosGoodsOrder.php) [<a href='function.include'>function.include</a>]: failed to open stream: No such file or directory (D:\wampserver\www\yii_backend\framework\YiiBase.php:395)
Stack trace:
#0 D:\wampserver\www\yii_backend\protected\components\Controller.php(97): spl_autoload_call()
#1 D:\wampserver\www\yii_backend\framework\web\actions\CInlineAction.php(57): AuthController->actionCheckgoodsorder()
#2 D:\wampserver\www\yii_backend\framework\web\CController.php(300): CInlineAction->run()
#3 D:\wampserver\www\yii_backend\framework\web\CController.php(278): AuthController->runAction()
#4 D:\wampserver\www\yii_backend\framework\web\CController.php(257): AuthController->runActionWithFilters()
#5 D:\wampserver\www\yii_backend\framework\web\CWebApplication.php(328): AuthController->run()
#6 D:\wampserver\www\yii_backend\framework\web\CWebApplication.php(121): CWebApplication->runController()
#7 D:\wampserver\www\yii_backend\framework\base\CApplication.php(155): CWebApplication->processRequest()
#8 D:\wampserver\www\yii_backend\index.php(13): CWebApplication->run()
REQUEST_URI=/Auth/checkgoodsorder
in D:\wampserver\www\yii_backend\protected\components\Controller.php (97)
in D:\wampserver\www\yii_backend\index.php (13)
2015/11/25 11:33:10 [error] [php] include(VcosGoodsOrder.php) [<a href='function.include'>function.include</a>]: failed to open stream: No such file or directory (D:\wampserver\www\yii_backend\framework\YiiBase.php:395)
Stack trace:
#0 D:\wampserver\www\yii_backend\protected\components\Controller.php(97): spl_autoload_call()
#1 D:\wampserver\www\yii_backend\framework\web\actions\CInlineAction.php(57): AuthController->actionCheckgoodsorder()
#2 D:\wampserver\www\yii_backend\framework\web\CController.php(300): CInlineAction->run()
#3 D:\wampserver\www\yii_backend\framework\web\CController.php(278): AuthController->runAction()
#4 D:\wampserver\www\yii_backend\framework\web\CController.php(257): AuthController->runActionWithFilters()
#5 D:\wampserver\www\yii_backend\framework\web\CWebApplication.php(328): AuthController->run()
#6 D:\wampserver\www\yii_backend\framework\web\CWebApplication.php(121): CWebApplication->runController()
#7 D:\wampserver\www\yii_backend\framework\base\CApplication.php(155): CWebApplication->processRequest()
#8 D:\wampserver\www\yii_backend\index.php(13): CWebApplication->run()
REQUEST_URI=/Auth/checkgoodsorder
in D:\wampserver\www\yii_backend\protected\components\Controller.php (97)
in D:\wampserver\www\yii_backend\index.php (13)
2015/11/25 14:13:13 [error] [php] include(VcosGoodsOrder.php) [<a href='function.include'>function.include</a>]: failed to open stream: No such file or directory (D:\wampserver\www\yii_backend\framework\YiiBase.php:395)
Stack trace:
#0 D:\wampserver\www\yii_backend\protected\components\Controller.php(97): spl_autoload_call()
#1 D:\wampserver\www\yii_backend\framework\web\actions\CInlineAction.php(57): AuthController->actionCheckgoodsorder()
#2 D:\wampserver\www\yii_backend\framework\web\CController.php(300): CInlineAction->run()
#3 D:\wampserver\www\yii_backend\framework\web\CController.php(278): AuthController->runAction()
#4 D:\wampserver\www\yii_backend\framework\web\CController.php(257): AuthController->runActionWithFilters()
#5 D:\wampserver\www\yii_backend\framework\web\CWebApplication.php(328): AuthController->run()
#6 D:\wampserver\www\yii_backend\framework\web\CWebApplication.php(121): CWebApplication->runController()
#7 D:\wampserver\www\yii_backend\framework\base\CApplication.php(155): CWebApplication->processRequest()
#8 D:\wampserver\www\yii_backend\index.php(13): CWebApplication->run()
REQUEST_URI=/Auth/checkgoodsorder
in D:\wampserver\www\yii_backend\protected\components\Controller.php (97)
in D:\wampserver\www\yii_backend\index.php (13)
2015/11/25 14:13:14 [error] [exception.CHttpException.404] exception 'CHttpException' with message '系统无法找到请求的 "checkismyself" 动作.' in D:\wampserver\www\yii_backend\framework\web\CController.php:444
Stack trace:
#0 D:\wampserver\www\yii_backend\framework\web\CController.php(262): CController->missingAction('checkismyself')
#1 D:\wampserver\www\yii_backend\framework\web\CWebApplication.php(328): CController->run('checkismyself')
#2 D:\wampserver\www\yii_backend\framework\web\CWebApplication.php(121): CWebApplication->runController('Auth/checkismys...')
#3 D:\wampserver\www\yii_backend\framework\base\CApplication.php(155): CWebApplication->processRequest()
#4 D:\wampserver\www\yii_backend\index.php(13): CApplication->run()
#5 {main} REQUEST_URI=/Auth/checkismyself
2015/11/25 14:14:09 [error] [php] include(VcosGoodsOrder.php) [<a href='function.include'>function.include</a>]: failed to open stream: No such file or directory (D:\wampserver\www\yii_backend\framework\YiiBase.php:395)
Stack trace:
#0 D:\wampserver\www\yii_backend\protected\components\Controller.php(97): spl_autoload_call()
#1 D:\wampserver\www\yii_backend\framework\web\actions\CInlineAction.php(57): AuthController->actionCheckgoodsorder()
#2 D:\wampserver\www\yii_backend\framework\web\CController.php(300): CInlineAction->run()
#3 D:\wampserver\www\yii_backend\framework\web\CController.php(278): AuthController->runAction()
#4 D:\wampserver\www\yii_backend\framework\web\CController.php(257): AuthController->runActionWithFilters()
#5 D:\wampserver\www\yii_backend\framework\web\CWebApplication.php(328): AuthController->run()
#6 D:\wampserver\www\yii_backend\framework\web\CWebApplication.php(121): CWebApplication->runController()
#7 D:\wampserver\www\yii_backend\framework\base\CApplication.php(155): CWebApplication->processRequest()
#8 D:\wampserver\www\yii_backend\index.php(13): CWebApplication->run()
REQUEST_URI=/Auth/checkgoodsorder
in D:\wampserver\www\yii_backend\protected\components\Controller.php (97)
in D:\wampserver\www\yii_backend\index.php (13)
2015/11/25 14:31:20 [error] [php] include(VcosGoodsOrder.php) [<a href='function.include'>function.include</a>]: failed to open stream: No such file or directory (D:\wampserver\www\yii_backend\framework\YiiBase.php:395)
Stack trace:
#0 D:\wampserver\www\yii_backend\protected\components\Controller.php(97): spl_autoload_call()
#1 D:\wampserver\www\yii_backend\framework\web\actions\CInlineAction.php(57): AuthController->actionCheckgoodsorder()
#2 D:\wampserver\www\yii_backend\framework\web\CController.php(300): CInlineAction->run()
#3 D:\wampserver\www\yii_backend\framework\web\CController.php(278): AuthController->runAction()
#4 D:\wampserver\www\yii_backend\framework\web\CController.php(257): AuthController->runActionWithFilters()
#5 D:\wampserver\www\yii_backend\framework\web\CWebApplication.php(328): AuthController->run()
#6 D:\wampserver\www\yii_backend\framework\web\CWebApplication.php(121): CWebApplication->runController()
#7 D:\wampserver\www\yii_backend\framework\base\CApplication.php(155): CWebApplication->processRequest()
#8 D:\wampserver\www\yii_backend\index.php(13): CWebApplication->run()
REQUEST_URI=/Auth/checkgoodsorder
in D:\wampserver\www\yii_backend\protected\components\Controller.php (97)
in D:\wampserver\www\yii_backend\index.php (13)
2015/11/25 14:36:00 [error] [php] include(VcosGoodsOrder.php) [<a href='function.include'>function.include</a>]: failed to open stream: No such file or directory (D:\wampserver\www\yii_backend\framework\YiiBase.php:395)
Stack trace:
#0 D:\wampserver\www\yii_backend\protected\components\Controller.php(97): spl_autoload_call()
#1 D:\wampserver\www\yii_backend\framework\web\actions\CInlineAction.php(57): AuthController->actionCheckgoodsorder()
#2 D:\wampserver\www\yii_backend\framework\web\CController.php(300): CInlineAction->run()
#3 D:\wampserver\www\yii_backend\framework\web\CController.php(278): AuthController->runAction()
#4 D:\wampserver\www\yii_backend\framework\web\CController.php(257): AuthController->runActionWithFilters()
#5 D:\wampserver\www\yii_backend\framework\web\CWebApplication.php(328): AuthController->run()
#6 D:\wampserver\www\yii_backend\framework\web\CWebApplication.php(121): CWebApplication->runController()
#7 D:\wampserver\www\yii_backend\framework\base\CApplication.php(155): CWebApplication->processRequest()
#8 D:\wampserver\www\yii_backend\index.php(13): CWebApplication->run()
REQUEST_URI=/Auth/checkgoodsorder
in D:\wampserver\www\yii_backend\protected\components\Controller.php (97)
in D:\wampserver\www\yii_backend\index.php (13)
2015/11/25 14:50:24 [error] [system.db.CDbCommand] Error in querying SQL: SELECT COUNT(*) FROM `vcos_goods_order` `t` WHERE id_read=:num
in D:\wampserver\www\yii_backend\protected\components\Controller.php (97)
in D:\wampserver\www\yii_backend\index.php (13)
2015/11/25 14:50:24 [error] [exception.CDbException] exception 'CDbException' with message 'CDbCommand 无法执行 SQL 语句: SQLSTATE[42S22]: Column not found: 1054 Unknown column 'id_read' in 'where clause'' in D:\wampserver\www\yii_backend\framework\db\CDbCommand.php:471
Stack trace:
#0 D:\wampserver\www\yii_backend\framework\db\CDbCommand.php(391): CDbCommand->queryInternal('fetchColumn', 0, Array)
#1 D:\wampserver\www\yii_backend\framework\db\ar\CActiveRecord.php(1453): CDbCommand->queryScalar()
#2 D:\wampserver\www\yii_backend\protected\components\Controller.php(97): CActiveRecord->count('id_read=:num', Array)
#3 D:\wampserver\www\yii_backend\framework\web\actions\CInlineAction.php(57): Controller->actionCheckgoodsorder()
#4 D:\wampserver\www\yii_backend\framework\web\CController.php(300): CInlineAction->run()
#5 D:\wampserver\www\yii_backend\framework\web\CController.php(278): CController->runAction(Object(CInlineAction))
#6 D:\wampserver\www\yii_backend\framework\web\CController.php(257): CController->runActionWithFilters(Object(CInlineAction), Array)
#7 D:\wampserver\www\yii_backend\framework\web\CWebApplication.php(328): CController->run('checkgoodsorder')
#8 D:\wampserver\www\yii_backend\framework\web\CWebApplication.php(121): CWebApplication->runController('Auth/checkgoods...')
#9 D:\wampserver\www\yii_backend\framework\base\CApplication.php(155): CWebApplication->processRequest()
#10 D:\wampserver\www\yii_backend\index.php(13): CApplication->run()
#11 {main} REQUEST_URI=/Auth/checkgoodsorder
